DroidScraper: A Tool for Android In-Memory Object Recovery and Reconstruction
/Users/aaligombe/Desktop/Testing/Mem_Images/com.geniatech.nettv.apk/memory_dump
Address 0x12c00000L 0x0 java.lang.Class - java.lang.ref.WeakReference 24
Address 0x12c00018L 0x0 java.lang.Class - com.android.internal.os.BinderInternal$GcWatcher 8
Address 0x12c00020L 0x0 java.lang.Class - java.lang.ref.FinalizerReference 36
Address 0x13800000L 0x0 java.lang.Class - android.os.MessageQueue 39
Address 0x13800028L 0x0 java.lang.Class - java.lang.reflect.Method 40
Address 0x13800050L 0x0 java.lang.Class - [Ljava.lang.Object; 16
Address 0x13800060L 0x0 java.lang.Class - android.os.Looper 40
Address 0x13800088L 0x0 java.lang.Class - java.io.File 24
Address 0x138000a0L 0x0 java.lang.Class - [Ljava.lang.String; 12
Address 0x138000b0L 0x0 java.lang.Class - android.app.ActivityThread 206
Address 0x13800180L 0x0 java.lang.Class - com.android.internal.os.Zygote$MethodAndArgsCaller 36
Address 0x138001a8L 0x0 java.lang.Class - java.lang.Thread 132
Address 0x13800230L 0x0 java.lang.Class - java.lang.Thread 132
Address 0x138002b8L 0x0 java.lang.Class - java.lang.Thread 132
Address 0x13800340L 0x0 java.lang.Class - java.lang.Thread 132
Address 0x138003c8L 0x0 java.lang.Class - java.lang.Thread 132
Address 0x13800450L 0x0 java.lang.Class - java.lang.Thread 132
Address 0x138004d8L 0x0 java.lang.Class - java.lang.Thread 132
Address 0x13800560L 0x0 java.lang.Class - java.lang.Thread 132
Address 0x138005e8L 0x0 java.lang.Class - java.lang.Thread 132
Address 0x13800670L 0x0 java.lang.Class - java.lang.Thread 132
Address 0x138006f8L 0x0 java.lang.Class - com.android.internal.os.AndroidPrintStream 60
Address 0x13800738L 0x0 java.lang.Class - com.android.internal.os.AndroidPrintStream 60
Address 0x13800778L 0x0 java.lang.Class - java.util.Properties 44
Address 0x138007a8L 0x0 java.lang.Class - java.util.Hashtable$HashtableEntry 24
Address 0x138007c0L 0x0 java.lang.Class - java.util.logging.LogManager$LoggerWeakRef 41
Address 0x138007f0L 0x0 java.lang.Class - java.util.Hashtable$HashtableEntry 24
Address 0x13800808L 0x0 java.lang.Class - com.android.internal.os.RuntimeInit$KillApplicationHandler 8
Address 0x13800810L 0x0 java.lang.Class - com.android.internal.os.RuntimeInit$LoggingHandler 8
Address 0x13800818L 0x0 java.lang.Class - sun.security.jca.ProviderList 17
Address 0x13800830L 0x0 java.lang.Class - sun.misc.Cleaner 36
Address 0x13800858L 0x0 java.lang.Class - android.app.ActivityThread$DropBoxReporter 16
Address 0x13800868L 0x0 java.lang.Class - com.android.internal.os.RuntimeInit$1 8
Address 0x13800870L 0x0 java.lang.Class - com.android.server.NetworkManagementSocketTagger 8
Address 0x13800878L 0x0 java.lang.Class - android.app.ActivityThread$EventLoggingReporter 8
Address 0x13800880L 0x0 java.lang.Class - android.security.net.config.ConfigNetworkSecurityPolicy 12
Address 0x13800890L 0x0 java.lang.Class - java.lang.ref.FinalizerReference 36
Address 0x138008b8L 0x0 java.lang.Class - java.io.File 24
Address 0x138008d0L 0x0 java.lang.Class - java.io.File 24
Address 0x138008e8L 0x0 java.lang.Class - java.lang.String 22
Address 0x13800900L 0x0 java.lang.Class - java.lang.String 39
Address 0x13800928L 0x0 java.lang.Class - java.lang.String 30
Address 0x13800948L 0x0 java.lang.Class - java.lang.String 37
Address 0x13800970L 0x0 java.lang.Class - java.lang.String 33
Address 0x13800998L 0x0 java.lang.Class - java.lang.String 39
Address 0x138009c0L 0x0 java.lang.Class - java.lang.String 34
Address 0x138009e8L 0x0 java.lang.Class - java.lang.String 41
Address 0x13800a18L 0x0 java.lang.Class - java.lang.String 33
Address 0x13800a40L 0x0 java.lang.Class - java.lang.String 39
Address 0x13800a68L 0x0 java.lang.Class - java.lang.String 29
Address 0x13800a88L 0x0 java.lang.Class - java.lang.String 57
Address 0x13800ac8L 0x0 java.lang.Class - java.lang.String 31
Address 0x13800ae8L 0x0 java.lang.Class - java.lang.String 27
Address 0x13800b08L 0x0 java.lang.Class - java.lang.String 37
Address 0x13800b30L 0x0 java.lang.Class - java.lang.String 34
Address 0x13800b58L 0x0 java.lang.Class - java.lang.String 36
Address 0x13800b80L 0x0 java.lang.Class - java.lang.String 34
Address 0x13800ba8L 0x0 java.lang.Class - java.lang.String 34
Address 0x13800bd0L 0x0 java.lang.Class - java.lang.String 38
Address 0x13800bf8L 0x0 java.lang.Class - java.lang.String 43
Address 0x13800c28L 0x0 java.lang.Class - java.lang.String 36
Address 0x13800c50L 0x0 java.lang.Class - java.lang.String 38
Address 0x13800c78L 0x0 java.lang.Class - java.lang.String 37
Address 0x13800ca0L 0x0 java.lang.Class - java.lang.String 39
Address 0x13800cc8L 0x0 java.lang.Class - java.lang.String 32
Address 0x13800ce8L 0x0 java.lang.Class - java.lang.String 42
Address 0x13800d18L 0x0 java.lang.Class - java.lang.String 35
Address 0x13800d40L 0x0 java.lang.Class - java.lang.String 31
Address 0x13800d60L 0x0 java.lang.Class - java.lang.String 48
Address 0x13800d90L 0x0 java.lang.Class - java.lang.String 34
Address 0x13800db8L 0x0 java.lang.Class - java.lang.String 44
Address 0x13800de8L 0x0 java.lang.Class - java.lang.String 38
Address 0x13800e10L 0x0 java.lang.Class - java.lang.String 30
Address 0x13800e30L 0x0 java.lang.Class - java.lang.String 37
Address 0x13800e58L 0x0 java.lang.Class - java.lang.String 31
Address 0x13800e78L 0x0 java.lang.Class - java.lang.String 36
Address 0x13800ea0L 0x0 java.lang.Class - java.lang.String 51
Address 0x13800ed8L 0x0 java.lang.Class - java.lang.String 48
Address 0x13800f08L 0x0 java.lang.Class - java.lang.String 30
Address 0x13800f28L 0x0 java.lang.Class - java.lang.String 50
Address 0x13800f60L 0x0 java.lang.Class - java.lang.String 27
Address 0x13800f80L 0x0 java.lang.Class - java.lang.String 25
Address 0x13800fa0L 0x0 java.lang.Class - java.lang.String 32
Address 0x13800fc0L 0x0 java.lang.Class - java.lang.String 33
Address 0x13800fe8L 0x0 java.lang.Class - java.lang.String 31
Address 0x13801008L 0x0 java.lang.Class - java.lang.String 36
Address 0x13801030L 0x0 java.lang.Class - java.lang.String 36
Address 0x13801058L 0x0 java.lang.Class - java.lang.String 28
Address 0x13801078L 0x0 java.lang.Class - java.lang.String 38
Address 0x138010a0L 0x0 java.lang.Class - java.lang.String 41
Address 0x138010d0L 0x0 java.lang.Class - java.lang.String 31
Address 0x138010f0L 0x0 java.lang.Class - java.lang.String 24
Address 0x13801108L 0x0 java.lang.Class - java.lang.String 44
Address 0x13801138L 0x0 java.lang.Class - java.lang.String 32
Address 0x13801158L 0x0 java.lang.Class - java.lang.String 50
Address 0x13801190L 0x0 java.lang.Class - java.lang.String 44
Address 0x138011c0L 0x0 java.lang.Class - java.lang.String 33
Address 0x138011e8L 0x0 java.lang.Class - java.lang.String 37
Address 0x13801210L 0x0 java.lang.Class - java.lang.String 33
Address 0x13801238L 0x0 java.lang.Class - java.lang.String 42
Address 0x13801268L 0x0 java.lang.Class - java.lang.String 39
Address 0x13801290L 0x0 java.lang.Class - java.lang.String 35
Address 0x138012b8L 0x0 java.lang.Class - java.lang.String 37
Address 0x138012e0L 0x0 java.lang.Class - java.lang.String 40
Address 0x13801308L 0x0 java.lang.Class - java.lang.String 46
Address 0x13801338L 0x0 java.lang.Class - java.lang.String 34
Address 0x13801360L 0x0 java.lang.Class - java.lang.String 30
Address 0x13801380L 0x0 java.lang.Class - java.lang.String 34
Address 0x138013a8L 0x0 java.lang.Class - java.lang.String 33
Address 0x138013d0L 0x0 java.lang.Class - java.lang.String 44
Address 0x13801400L 0x0 java.lang.Class - java.lang.String 30
Address 0x13801420L 0x0 java.lang.Class - java.lang.String 40
Address 0x13801448L 0x0 java.lang.Class - java.lang.String 43
Address 0x13801478L 0x0 java.lang.Class - java.lang.String 45
Address 0x138014a8L 0x0 java.lang.Class - java.lang.String 37
Address 0x138014d0L 0x0 java.lang.Class - java.lang.String 36
Address 0x138014f8L 0x0 java.lang.Class - java.lang.String 50
Address 0x13801530L 0x0 java.lang.Class - java.lang.String 31
Address 0x13801550L 0x0 java.lang.Class - java.lang.String 44
Address 0x13801580L 0x0 java.lang.Class - java.lang.String 21
Address 0x13801598L 0x0 java.lang.Class - java.lang.String 44
Address 0x138015c8L 0x0 java.lang.Class - java.lang.String 31
Address 0x138015e8L 0x0 java.lang.Class - java.lang.String 54
Address 0x13801620L 0x0 java.lang.Class - java.lang.String 49
Address 0x13801658L 0x0 java.lang.Class - java.lang.String 37
Address 0x13801680L 0x0 java.lang.Class - java.lang.String 30
Address 0x138016a0L 0x0 java.lang.Class - java.lang.String 48
Address 0x138016d0L 0x0 java.lang.Class - java.lang.String 36
Address 0x138016f8L 0x0 java.lang.Class - java.lang.String 32
Address 0x13801718L 0x0 java.lang.Class - java.lang.String 33
Address 0x13801740L 0x0 java.lang.Class - java.lang.String 37
Address 0x13801768L 0x0 java.lang.Class - java.lang.String 30
Address 0x13801788L 0x0 java.lang.Class - java.lang.String 41
Address 0x138017b8L 0x0 java.lang.Class - java.lang.String 47
Address 0x138017e8L 0x0 java.lang.Class - java.lang.String 33
Address 0x13801810L 0x0 java.lang.Class - java.lang.String 38
Address 0x13801838L 0x0 java.lang.Class - java.lang.String 51
Address 0x13801870L 0x0 java.lang.Class - java.lang.String 49
Address 0x138018a8L 0x0 java.lang.Class - java.lang.String 22
Address 0x138018c0L 0x0 java.lang.Class - java.lang.String 35
Address 0x138018e8L 0x0 java.lang.Class - java.lang.String 23
Address 0x13801900L 0x0 java.lang.Class - java.lang.String 23
Address 0x13801918L 0x0 java.lang.Class - java.lang.String 52
Address 0x13801950L 0x0 java.lang.Class - java.lang.String 23
Address 0x13801968L 0x0 java.lang.Class - java.lang.String 23
Address 0x13801980L 0x0 java.lang.Class - java.lang.String 23
Address 0x13801998L 0x0 java.lang.Class - java.lang.String 23
Address 0x138019b0L 0x0 java.lang.Class - java.lang.String 23
Address 0x138019c8L 0x0 java.lang.Class - java.lang.String 22
Address 0x138019e0L 0x0 java.lang.Class - java.lang.String 23
Address 0x138019f8L 0x0 java.lang.Class - java.lang.String 23
Address 0x13801a10L 0x0 java.lang.Class - java.lang.String 23
Address 0x13801a28L 0x0 java.lang.Class - java.lang.String 23
Address 0x13801a40L 0x0 java.lang.Class - java.lang.String 23
Address 0x13801a58L 0x0 java.lang.Class - java.lang.String 23
Address 0x13801a70L 0x0 java.lang.Class - java.lang.String 23
Address 0x13801a88L 0x0 java.lang.Class - java.lang.String 23
Address 0x13801aa0L 0x0 java.lang.Class - java.lang.String 36
Address 0x13801ac8L 0x0 java.lang.Class - java.lang.String 23
Address 0x13801ae0L 0x0 java.lang.Class - java.lang.String 22
Address 0x13801af8L 0x0 java.lang.Class - java.lang.String 23
Address 0x13801b10L 0x0 java.lang.Class - java.lang.String 23
Address 0x13801b28L 0x0 java.lang.Class - java.lang.String 23
Address 0x13801b40L 0x0 java.lang.Class - java.lang.String 23
Address 0x13801b58L 0x0 java.lang.Class - java.lang.String 23
Address 0x13801b70L 0x0 java.lang.Class - java.lang.String 23
Address 0x13801b88L 0x0 java.lang.Class - java.lang.String 32
Address 0x13801ba8L 0x0 java.lang.Class - java.lang.String 22
Address 0x13801bc0L 0x0 java.lang.Class - java.lang.String 22
Address 0x13801bd8L 0x0 java.lang.Class - java.lang.String 22
Address 0x13801bf0L 0x0 java.lang.Class - java.lang.String 22
Address 0x13801c08L 0x0 java.lang.Class - java.lang.String 22
Address 0x13801c20L 0x0 java.lang.Class - java.lang.String 22
Address 0x13801c38L 0x0 java.lang.Class - java.lang.String 45
Address 0x13801c68L 0x0 java.lang.Class - java.lang.String 42
Address 0x13801c98L 0x0 java.lang.Class - java.lang.String 34
Address 0x13801cc0L 0x0 java.lang.Class - java.lang.String 37
Address 0x13801ce8L 0x0 java.lang.Class - java.lang.ref.WeakReference 24
Address 0x13801d00L 0x0 java.lang.Class - android.os.Environment$UserEnvironment 12
Address 0x13801d10L 0x0 java.lang.Class - java.lang.String 23
Address 0x13801d28L 0x0 java.lang.Class - [Ljava.util.HashMap$Node; 76
Address 0x13801d78L 0x0 java.lang.Class - [Ljava.util.HashMap$Node; 76
Address 0x13801dc8L 0x0 java.lang.Class - android.os.Parcel 33
Address 0x13801df0L 0x0 java.lang.Class - android.os.Parcel 33
Address 0x13801e18L 0x0 java.lang.Class - android.os.Parcel 33
Address 0x13801e40L 0x0 java.lang.Class - android.os.Parcel 33
Address 0x13801e68L 0x0 java.lang.Class - android.os.Parcel 33
Address 0x13801e90L 0x0 java.lang.Class - android.view.ViewConfiguration 83
Address 0x13801ee8L 0x0 java.lang.Class - [Ljava.util.HashMap$Node; 44
Address 0x13801f18L 0x0 java.lang.Class - [Ljava.lang.Object; 44
Address 0x13801f48L 0x0 java.lang.Class - [I 28
Address 0x13801f68L 0x0 java.lang.Class - java.lang.ref.WeakReference 24
Address 0x13801f80L 0x0 java.lang.Class - [Ljava.util.HashMap$Node; 76
Address 0x13801fd0L 0x0 java.lang.Class - [Ljava.lang.Object; 52
Address 0x13802008L 0x0 java.lang.Class - [Ljava.lang.Object; 52
Address 0x13802040L 0x0 java.lang.Class - android.net.Uri$Part 16
Address 0x13802050L 0x0 java.lang.Class - android.provider.Settings$GenerationTracker 24
Address 0x13802068L 0x0 java.lang.Class - android.content.ContentProviderProxy 12
Address 0x13802078L 0x0 java.lang.Class - [Ljava.util.HashMap$Node; 76
Address 0x138020c8L 0x0 java.lang.Class - [Ljava.util.HashMap$Node; 76
Address 0x13802118L 0x0 java.lang.Class - android.util.ArrayMap 25
Address 0x13802138L 0x0 java.lang.Class - com.android.internal.os.SomeArgs 73
Address 0x13802188L 0x0 java.lang.Class - android.security.net.config.ApplicationConfig 29
Address 0x138021a8L 0x0 java.lang.Class - android.os.LocaleList 16
Address 0x138021b8L 0x0 java.lang.Class - android.view.WindowManagerGlobal 32
Address 0x138021d8L 0x0 java.lang.Class - android.view.IWindowManager$Stub$Proxy 12
Address 0x138021e8L 0x0 java.lang.Class - java.lang.String 46
Address 0x13802218L 0x0 java.lang.Class - android.app.ActivityThread$H 32
Address 0x13802238L 0x0 java.lang.Class - android.content.pm.IPackageManager$Stub$Proxy 12
Address 0x13802248L 0x0 java.lang.Class - android.os.ServiceManagerProxy 12
Address 0x13802258L 0x0 java.lang.Class - java.io.File 24
Address 0x13802270L 0x0 java.lang.Class - android.hardware.display.DisplayManagerGlobal 36
Address 0x13802298L 0x0 java.lang.Class - [Ljava.lang.Object; 44
Address 0x138022c8L 0x0 java.lang.Class - android.app.ActivityThread$ApplicationThread 32
Address 0x138022e8L 0x0 java.lang.Class - android.app.ResourcesManager 32
Address 0x13802308L 0x0 java.lang.Class - android.app.Application 28
Address 0x13802328L 0x0 java.lang.Class - android.os.Message 60
Address 0x13802368L 0x0 java.lang.Class - android.view.accessibility.AccessibilityManager 55
Address 0x138023a0L 0x0 java.lang.Class - android.app.LoadedApk$WarningContextClassLoader 40
Address 0x138023c8L 0x0 java.lang.Class - java.util.HashMap$Values 12
Address 0x138023d8L 0x0 java.lang.Class - sun.misc.Cleaner 36
Address 0x13802400L 0x0 java.lang.Class - [Ljava.lang.Object; 52
Address 0x13802438L 0x0 java.lang.Class - android.app.IActivityManager$Stub$Proxy 12
Address 0x13802448L 0x0 java.lang.Class - [Ljava.lang.Object; 52
Address 0x13802480L 0x0 java.lang.Class - android.graphics.Rect 24
Address 0x13802498L 0x0 java.lang.Class - android.graphics.Rect 24
Address 0x138024b0L 0x0 java.lang.Class - android.os.LocaleList 16
Address 0x138024c0L 0x0 java.lang.Class - java.lang.ref.FinalizerReference 36
Address 0x138024e8L 0x0 java.lang.Class - java.util.HashMap$Node 24
Address 0x13802500L 0x0 java.lang.Class - [Ljava.lang.Object; 16
Address 0x13802510L 0x0 java.lang.Class - java.util.logging.LogManager$LoggerWeakRef 41
Address 0x13802540L 0x0 java.lang.Class - java.lang.ref.WeakReference 24
Address 0x13802558L 0x0 java.lang.Class - java.util.Hashtable$HashtableEntry 24
Address 0x13802570L 0x0 java.lang.Class - java.lang.String 54
Address 0x138025a8L 0x0 java.lang.Class - java.lang.ThreadLocal$ThreadLocalMap$Entry 28
Address 0x138025c8L 0x0 java.lang.Class - java.lang.ThreadLocal$ThreadLocalMap$Entry 28
Address 0x138025e8L 0x0 java.lang.Class - java.lang.ThreadLocal$ThreadLocalMap$Entry 28
Address 0x13802608L 0x0 java.lang.Class - android.os.StrictMode$AndroidBlockGuardPolicy 16
Address 0x13802618L 0x0 java.lang.Class - java.lang.String 31
Address 0x13802638L 0x0 java.lang.Class - java.lang.String 23
Address 0x13802650L 0x0 java.lang.Class - java.lang.String 48
Address 0x13802680L 0x0 java.lang.Class - java.lang.String 32
Address 0x138026a0L 0x0 java.lang.Class - java.lang.String 41
Address 0x138026d0L 0x0 java.lang.Class - java.lang.String 33
Address 0x138026f8L 0x0 java.lang.Class - java.lang.String 34
Address 0x13802720L 0x0 java.lang.Class - java.lang.String 35
Address 0x13802748L 0x0 java.lang.Class - java.lang.String 26
Address 0x13802768L 0x0 java.lang.Class - java.lang.String 42
Address 0x13802798L 0x0 java.lang.Class - java.lang.String 79
Address 0x138027e8L 0x0 java.lang.Class - java.lang.String 23
Address 0x13802800L 0x0 java.lang.Class - java.lang.String 23
Address 0x13802818L 0x0 java.lang.Class - java.lang.String 23
Address 0x13802830L 0x0 java.lang.Class - java.lang.ref.WeakReference 24
Address 0x13802848L 0x0 java.lang.Class - java.lang.ref.WeakReference 24
Address 0x13802860L 0x0 java.lang.Class - java.lang.ref.WeakReference 24
Address 0x13802878L 0x0 java.lang.Class - java.lang.ref.WeakReference 24
Address 0x13802890L 0x0 java.lang.Class - java.lang.ref.WeakReference 24
Address 0x138028a8L 0x0 java.lang.Class - java.lang.ref.WeakReference 24
Address 0x138028c0L 0x0 java.lang.Class - java.lang.ref.WeakReference 24
Address 0x138028d8L 0x0 java.lang.Class - android.hardware.display.DisplayManagerGlobal$DisplayManagerCallback 28
Address 0x138028f8L 0x0 java.lang.Class - java.lang.ref.WeakReference 24
Address 0x13802910L 0x0 java.lang.Class - java.lang.ref.WeakReference 24
Address 0x13802928L 0x0 java.lang.Class - java.lang.ref.WeakReference 24
Address 0x13802940L 0x0 java.lang.Class - java.lang.ref.WeakReference 24
Address 0x13802958L 0x0 java.lang.Class - android.view.accessibility.AccessibilityManager$1 28
Address 0x13802978L 0x0 java.lang.Class - android.graphics.Rect 24
Address 0x13802990L 0x0 java.lang.Class - java.lang.String 85
Address 0x138029e8L 0x0 java.lang.Class - java.lang.ref.WeakReference 24
Address 0x13802a00L 0x0 java.lang.Class - com.android.internal.logging.AndroidHandler 33
Address 0x13802a28L 0x0 java.lang.Class - java.util.logging.ErrorManager 9
Address 0x13802a38L 0x0 java.lang.Class - java.lang.String 19
Address 0x13802a50L 0x0 java.lang.Class - java.util.logging.LogManager$LogNode 24
Address 0x13802a68L 0x0 java.lang.Class - java.util.HashMap 40
Address 0x13802a90L 0x0 java.lang.Class - [Ljava.util.HashMap$Node; 76
Address 0x13802ae0L 0x0 java.lang.Class - java.util.HashMap$Node 24
Address 0x13802af8L 0x0 java.lang.Class - java.lang.String 22
Address 0x13802b10L 0x0 java.lang.Class - java.util.logging.LogManager$LogNode 24
Address 0x13802b28L 0x0 java.lang.Class - java.util.logging.LogManager$LoggerWeakRef 41
Address 0x13802b58L 0x0 java.lang.Class - java.lang.ref.FinalizerReference 36
Address 0x13802b80L 0x0 java.lang.Class - java.lang.ref.FinalizerReference 36
Address 0x13802ba8L 0x0 java.lang.Class - java.lang.ref.FinalizerReference 36
Address 0x13802bd0L 0x0 java.lang.Class - java.lang.ref.FinalizerReference 36
Address 0x13802bf8L 0x0 java.lang.Class - java.lang.ref.FinalizerReference 36
Address 0x13802c20L 0x0 java.lang.Class - java.lang.ref.FinalizerReference 36
Address 0x13802c48L 0x0 java.lang.Class - java.lang.ref.FinalizerReference 36
Address 0x13802c70L 0x0 java.lang.Class - java.lang.ref.FinalizerReference 36
Address 0x13802c98L 0x0 java.lang.Class - java.lang.ref.FinalizerReference 36
Address 0x13802cc0L 0x0 java.lang.Class - java.lang.ref.FinalizerReference 36
Address 0x13802ce8L 0x0 java.lang.Class - java.lang.ref.FinalizerReference 36
Address 0x13802d10L 0x0 java.lang.Class - java.lang.ref.FinalizerReference 36
Address 0x13802d38L 0x0 java.lang.Class - java.lang.ref.FinalizerReference 36
Address 0x13802d60L 0x0 java.lang.Class - java.lang.ref.FinalizerReference 36
Address 0x13802d88L 0x0 java.lang.Class - java.lang.ref.FinalizerReference 36
Address 0x13802db0L 0x0 java.lang.Class - java.lang.ref.FinalizerReference 36
Address 0x13802dd8L 0x0 java.lang.Class - java.lang.ref.FinalizerReference 36
Address 0x13802e00L 0x0 java.lang.Class - java.lang.ref.FinalizerReference 36
Address 0x13802e28L 0x0 java.lang.Class - java.lang.ref.FinalizerReference 36
Address 0x13802e50L 0x0 java.lang.Class - java.lang.ref.FinalizerReference 36
Address 0x13802e78L 0x0 java.lang.Class - java.lang.ref.FinalizerReference 36
Address 0x13802ea0L 0x0 java.lang.Class - java.lang.ref.FinalizerReference 36
Address 0x13802ec8L 0x0 java.lang.Class - java.lang.ref.FinalizerReference 36
Address 0x13802ef0L 0x0 java.lang.Class - java.lang.ref.FinalizerReference 36
Address 0x13802f18L 0x0 java.lang.Class - java.lang.ref.FinalizerReference 36
Address 0x13802f40L 0x0 java.lang.Class - java.lang.ref.FinalizerReference 36
Address 0x13802f68L 0x0 java.lang.Class - java.lang.ref.FinalizerReference 36
Address 0x13802f90L 0x0 java.lang.Class - java.lang.ref.FinalizerReference 36
Address 0x13802fb8L 0x0 java.lang.Class - java.lang.ref.FinalizerReference 36
Address 0x13802fe0L 0x0 java.lang.Class - java.lang.ref.FinalizerReference 36
Address 0x13803008L 0x0 java.lang.Class - java.lang.ref.FinalizerReference 36
Address 0x13803030L 0x0 java.lang.Class - java.lang.ref.FinalizerReference 36
Address 0x13803058L 0x0 java.lang.Class - java.lang.ref.FinalizerReference 36
Address 0x13803080L 0x0 java.lang.Class - java.lang.ref.FinalizerReference 36
Address 0x138030a8L 0x0 java.lang.Class - java.lang.ref.FinalizerReference 36
Address 0x138030d0L 0x0 java.lang.Class - java.lang.ref.FinalizerReference 36
Address 0x138030f8L 0x0 java.lang.Class - java.lang.ref.FinalizerReference 36
Address 0x13803120L 0x0 java.lang.Class - java.lang.ref.FinalizerReference 36
Address 0x13803148L 0x0 java.lang.Class - java.lang.ref.FinalizerReference 36
Address 0x13803170L 0x0 java.lang.Class - java.lang.ref.FinalizerReference 36
Address 0x13803198L 0x0 java.lang.Class - java.lang.ref.FinalizerReference 36
Address 0x138031c0L 0x0 java.lang.Class - java.lang.ref.FinalizerReference 36
Address 0x138031e8L 0x0 java.lang.Class - java.lang.ref.FinalizerReference 36
Address 0x13803210L 0x0 java.lang.Class - java.lang.ref.FinalizerReference 36
Address 0x13803238L 0x0 java.lang.Class - java.lang.ref.FinalizerReference 36
Address 0x13803260L 0x0 java.lang.Class - java.lang.ref.FinalizerReference 36
Address 0x13803288L 0x0 java.lang.Class - java.lang.ref.FinalizerReference 36
Address 0x138032b0L 0x0 java.lang.Class - java.lang.ref.FinalizerReference 36
Address 0x138032d8L 0x0 java.lang.Class - java.lang.ref.FinalizerReference 36
Address 0x13803300L 0x0 java.lang.Class - java.lang.ref.FinalizerReference 36
Address 0x13803328L 0x0 java.lang.Class - java.lang.ref.FinalizerReference 36
Address 0x13803350L 0x0 java.lang.Class - java.lang.ref.FinalizerReference 36
Address 0x13803378L 0x0 java.lang.Class - java.lang.ref.FinalizerReference 36
Address 0x138033a0L 0x0 java.lang.Class - java.lang.ref.FinalizerReference 36
Address 0x138033c8L 0x0 java.lang.Class - java.lang.ref.FinalizerReference 36
Address 0x138033f0L 0x0 java.lang.Class - [Ljava.util.Locale; 16
Address 0x13803400L 0x0 java.lang.Class - java.lang.String 21
Address 0x13803418L 0x0 java.lang.Class - java.lang.ref.WeakReference 24
Address 0x13803430L 0x0 java.lang.Class - android.os.BinderProxy 32
Address 0x13803450L 0x0 java.lang.Class - android.app.ActivityThread$2 16
Address 0x13803460L 0x0 java.lang.Class - sun.misc.Cleaner 36
Address 0x13803488L 0x0 java.lang.Class - libcore.util.NativeAllocationRegistry$CleanerThunk 24
Address 0x138034a0L 0x0 java.lang.Class - sun.misc.Cleaner 36
Address 0x138034c8L 0x0 java.lang.Class - libcore.util.NativeAllocationRegistry$CleanerThunk 24
Address 0x138034e0L 0x0 java.lang.Class - sun.misc.Cleaner 36
Address 0x13803508L 0x0 java.lang.Class - libcore.util.NativeAllocationRegistry$CleanerThunk 24
Address 0x13803520L 0x0 java.lang.Class - sun.misc.Cleaner 36
Address 0x13803548L 0x0 java.lang.Class - libcore.util.NativeAllocationRegistry$CleanerThunk 24
Address 0x13803560L 0x0 java.lang.Class - sun.misc.Cleaner 36
Address 0x13803588L 0x0 java.lang.Class - libcore.util.NativeAllocationRegistry$CleanerThunk 24
Address 0x138035a0L 0x0 java.lang.Class - sun.misc.Cleaner 36
Address 0x138035c8L 0x0 java.lang.Class - libcore.util.NativeAllocationRegistry$CleanerThunk 24
Address 0x138035e0L 0x0 java.lang.Class - sun.misc.Cleaner 36
Address 0x13803608L 0x0 java.lang.Class - libcore.util.NativeAllocationRegistry$CleanerThunk 24
Address 0x13803620L 0x0 java.lang.Class - sun.misc.Cleaner 36
Address 0x13803648L 0x0 java.lang.Class - libcore.util.NativeAllocationRegistry$CleanerThunk 24
Address 0x13803660L 0x0 java.lang.Class - sun.misc.Cleaner 36
Address 0x13803688L 0x0 java.lang.Class - libcore.util.NativeAllocationRegistry$CleanerThunk 24
Address 0x138036a0L 0x0 java.lang.Class - sun.misc.Cleaner 36
Address 0x138036c8L 0x0 java.lang.Class - libcore.util.NativeAllocationRegistry$CleanerThunk 24
Address 0x138036e0L 0x0 java.lang.Class - sun.misc.Cleaner 36
Address 0x13803708L 0x0 java.lang.Class - libcore.util.NativeAllocationRegistry$CleanerThunk 24
Address 0x13803720L 0x0 java.lang.Class - sun.misc.Cleaner 36
Address 0x13803748L 0x0 java.lang.Class - libcore.util.NativeAllocationRegistry$CleanerThunk 24
Address 0x13803760L 0x0 java.lang.Class - sun.misc.Cleaner 36
Address 0x13803788L 0x0 java.lang.Class - libcore.util.NativeAllocationRegistry$CleanerThunk 24
Address 0x138037a0L 0x0 java.lang.Class - sun.misc.Cleaner 36
Address 0x138037c8L 0x0 java.lang.Class - libcore.util.NativeAllocationRegistry$CleanerThunk 24
Address 0x138037e0L 0x0 java.lang.Class - sun.misc.Cleaner 36
Address 0x13803808L 0x0 java.lang.Class - libcore.util.NativeAllocationRegistry$CleanerThunk 24
Address 0x13803820L 0x0 java.lang.Class - sun.misc.Cleaner 36
Address 0x13803848L 0x0 java.lang.Class - libcore.util.NativeAllocationRegistry$CleanerThunk 24
Address 0x13803860L 0x0 java.lang.Class - sun.misc.Cleaner 36
Address 0x13803888L 0x0 java.lang.Class - libcore.util.NativeAllocationRegistry$CleanerThunk 24
Address 0x138038a0L 0x0 java.lang.Class - libcore.util.NativeAllocationRegistry 32
Address 0x138038c0L 0x0 java.lang.Class - sun.misc.Cleaner 36
Address 0x138038e8L 0x0 java.lang.Class - libcore.util.NativeAllocationRegistry$CleanerThunk 24
Address 0x13803900L 0x0 java.lang.Class - sun.misc.Cleaner 36
Address 0x13803928L 0x0 java.lang.Class - libcore.util.NativeAllocationRegistry$CleanerThunk 24
Address 0x13803940L 0x0 java.lang.Class - sun.misc.Cleaner 36
Address 0x13803968L 0x0 java.lang.Class - libcore.util.NativeAllocationRegistry$CleanerThunk 24
Address 0x13803980L 0x0 java.lang.Class - sun.misc.Cleaner 36
Address 0x138039a8L 0x0 java.lang.Class - libcore.util.NativeAllocationRegistry$CleanerThunk 24
Address 0x138039c0L 0x0 java.lang.Class - sun.misc.Cleaner 36
Address 0x138039e8L 0x0 java.lang.Class - libcore.util.NativeAllocationRegistry$CleanerThunk 24
Address 0x13803a00L 0x0 java.lang.Class - libcore.util.NativeAllocationRegistry 32
Address 0x13803a20L 0x0 java.lang.Class - sun.misc.Cleaner 36
Address 0x13803a48L 0x0 java.lang.Class - libcore.util.NativeAllocationRegistry$CleanerThunk 24
Address 0x13803a60L 0x0 java.lang.Class - sun.misc.Cleaner 36
Address 0x13803a88L 0x0 java.lang.Class - libcore.util.NativeAllocationRegistry$CleanerThunk 24
Address 0x13803aa0L 0x0 java.lang.Class - sun.misc.Cleaner 36
Address 0x13803ac8L 0x0 java.lang.Class - libcore.util.NativeAllocationRegistry$CleanerThunk 24
Address 0x13803ae0L 0x0 java.lang.Class - sun.misc.Cleaner 36
Address 0x13803b08L 0x0 java.lang.Class - libcore.util.NativeAllocationRegistry$CleanerThunk 24
Address 0x13803b20L 0x0 java.lang.Class - libcore.util.NativeAllocationRegistry$CleanerThunk 24
Address 0x13803b38L 0x0 java.lang.Class - java.util.HashMap 40
Address 0x13803b60L 0x0 java.lang.Class - java.util.HashMap 40
Address 0x13803b88L 0x0 java.lang.Class - android.util.ArrayMap 25
Address 0x13803ba8L 0x0 java.lang.Class - android.view.accessibility.AccessibilityManager$MyCallback 12
Address 0x13803bb8L 0x0 java.lang.Class - android.os.Handler 25
Address 0x13803bd8L 0x0 java.lang.Class - android.util.ArrayMap 25
Address 0x13803bf8L 0x0 java.lang.Class - java.lang.Object 8
Address 0x13803c00L 0x0 java.lang.Class - android.view.accessibility.IAccessibilityManager$Stub$Proxy 12
Address 0x13803c10L 0x0 java.lang.Class - android.util.ArrayMap 25
Address 0x13803c30L 0x0 java.lang.Class - android.util.ArrayMap 25
Address 0x13803c50L 0x0 java.lang.Class - android.os.BinderProxy 32
Address 0x13803c70L 0x0 java.lang.Class - android.os.Message 60
Address 0x13803cb0L 0x0 java.lang.Class - android.os.Message 60
Address 0x13803cf0L 0x0 java.lang.Class - android.os.Message 60
Address 0x13803d30L 0x0 java.lang.Class - android.app.ContextImpl 116
Address 0x13803da8L 0x0 java.lang.Class - java.util.ArrayList 20
Address 0x13803dc0L 0x0 java.lang.Class - java.util.ArrayList 20
Address 0x13803dd8L 0x0 java.lang.Class - android.app.LoadedApk 115
Address 0x13803e50L 0x0 java.lang.Class - java.lang.String 79
Address 0x13803ea0L 0x0 java.lang.Class - android.content.pm.ApplicationInfo 234
Address 0x13803f90L 0x0 java.lang.Class - dalvik.system.PathClassLoader 44
Address 0x13803fc0L 0x0 java.lang.Class - java.io.File 24
Address 0x13803fd8L 0x0 java.lang.Class - java.lang.String 48
Address 0x13804008L 0x0 java.lang.Class - java.io.File 24
Address 0x13804020L 0x0 java.lang.Class - java.io.File 24
Address 0x13804038L 0x0 java.lang.Class - android.view.DisplayAdjustments 16
Address 0x13804048L 0x0 java.lang.Class - java.lang.String 78
Address 0x13804098L 0x0 java.lang.Class - java.lang.String 35
Address 0x138040c0L 0x0 java.lang.Class - android.util.ArrayMap 25
Address 0x138040e0L 0x0 java.lang.Class - android.content.res.Resources 36
Address 0x13804108L 0x0 java.lang.Class - android.util.ArrayMap 25
Address 0x13804128L 0x0 java.lang.Class - android.util.ArrayMap 25
Address 0x13804148L 0x0 java.lang.Class - android.util.ArrayMap 25
Address 0x13804168L 0x0 java.lang.Class - android.content.res.ResourcesImpl 73
Address 0x138041b8L 0x0 java.lang.Class - java.util.ArrayList 20
Address 0x138041d0L 0x0 java.lang.Class - android.util.TypedValue 36
Address 0x138041f8L 0x0 java.lang.Class - java.lang.Object 8
Address 0x13804200L 0x0 java.lang.Class - android.util.Pools$SynchronizedPool 20
Address 0x13804218L 0x0 java.lang.Class - [Ljava.lang.Object; 32
Address 0x13804238L 0x0 java.lang.Class - java.lang.Object 8
Address 0x13804240L 0x0 java.lang.Class - [Ljava.lang.Object; 52
Address 0x13804278L 0x0 java.lang.Class - java.lang.ref.WeakReference 24
Address 0x13804290L 0x0 java.lang.Class - java.lang.Object 8
Address 0x13804298L 0x0 java.lang.Class - android.content.res.ConfigurationBoundResourceCache 20
Address 0x138042b0L 0x0 java.lang.Class - android.content.res.AssetManager 37
Address 0x138042d8L 0x0 java.lang.Class - [I 28
Address 0x138042f8L 0x0 java.lang.Class - [Ljava.lang.String; 16
Address 0x13804318L 0x0 java.lang.Class - [Landroid.content.res.XmlBlock; 28
Address 0x13804338L 0x0 java.lang.Class - android.content.res.DrawableCache 20
Address 0x13804350L 0x0 java.lang.Class - android.content.res.ConfigurationBoundResourceCache 20
Address 0x13804368L 0x0 java.lang.Class - android.content.res.Configuration 109
Address 0x138043d8L 0x0 java.lang.Class - android.view.DisplayAdjustments 16
Address 0x138043e8L 0x0 java.lang.Class - android.content.res.DrawableCache 20
Address 0x13804400L 0x0 java.lang.Class - android.util.DisplayMetrics 64
Address 0x13804440L 0x0 java.lang.Class - android.content.res.ConfigurationBoundResourceCache 20
Address 0x13804458L 0x0 java.lang.Class - android.content.res.Configuration 109
Address 0x138044c8L 0x0 java.lang.Class - android.graphics.Rect 24
Address 0x138044e0L 0x0 java.lang.Class - android.content.res.Configuration 109
Address 0x13804550L 0x0 java.lang.Class - android.graphics.Rect 24
Address 0x13804568L 0x0 java.lang.Class - [J 28
Address 0x13804588L 0x0 java.lang.Class - [Landroid.content.res.StringBlock; 20
Address 0x138045a0L 0x0 java.lang.Class - android.util.TypedValue 36
Address 0x138045c8L 0x0 java.lang.Class - java.lang.String 21
Address 0x138045e0L 0x0 java.lang.Class - android.content.res.StringBlock 32
Address 0x13804600L 0x0 java.lang.Class - android.content.res.StringBlock 32
Address 0x13804620L 0x0 java.lang.Class - android.util.SparseArray 21
Address 0x13804638L 0x0 java.lang.Class - [I 56
Address 0x13804670L 0x0 java.lang.Class - [Ljava.lang.Object; 56
Address 0x138046a8L 0x0 java.lang.Class - java.lang.String 51
Address 0x138046e0L 0x0 java.lang.Class - java.lang.String 48
Address 0x13804710L 0x0 java.lang.Class - java.util.HashMap 40
Address 0x13804738L 0x0 java.lang.Class - java.util.HashMap 40
Address 0x13804760L 0x0 java.lang.Class - dalvik.system.DexPathList 32
Address 0x13804780L 0x8481675f java.lang.Class - java.lang.Class 2040
Address 0x13804f78L 0x0 java.lang.Class - java.lang.Class 2080
Address 0x138057d8L 0x0 java.lang.Class - [Ljava.lang.Object; 92
Address 0x13805838L 0x0 java.lang.Class - java.lang.String 54
Address 0x13805870L 0x0 java.lang.Class - [Ljava.lang.Object; 92
Address 0x138058d0L 0x0 java.lang.Class - java.lang.String 53
Address 0x13805908L 0x0 java.lang.Class - [Ldalvik.system.DexPathList$Element; 16
Address 0x13805918L 0x0 java.lang.Class - java.util.ArrayList 20
Address 0x13805930L 0x0 java.lang.Class - [Ldalvik.system.DexPathList$NativeLibraryElement; 32
Address 0x13805950L 0x0 java.lang.Class - java.util.ArrayList 20
Address 0x13805968L 0x0 java.lang.Class - [Ljava.lang.Object; 52
Address 0x138059a0L 0x0 java.lang.Class - java.io.File 24
Address 0x138059b8L 0x0 java.lang.Class - java.io.File 24
Address 0x138059d0L 0x0 java.lang.Class - java.lang.String 34
Address 0x138059f8L 0x0 java.lang.Class - java.lang.String 27
Address 0x13805a18L 0x0 java.lang.Class - dalvik.system.DexPathList$NativeLibraryElement 21
Address 0x13805a30L 0x0 java.lang.Class - dalvik.system.DexPathList$NativeLibraryElement 21
Address 0x13805a48L 0x0 java.lang.Class - dalvik.system.DexPathList$NativeLibraryElement 21
Address 0x13805a60L 0x0 java.lang.Class - dalvik.system.DexPathList$NativeLibraryElement 21
Address 0x13805a78L 0x0 java.lang.Class - dalvik.system.DexPathList$NativeLibraryElement 21
Address 0x13805a90L 0x0 java.lang.Class - java.io.File 24
Address 0x13805aa8L 0x0 java.lang.Class - java.lang.String 23
Address 0x13805ac0L 0x0 java.lang.Class - java.lang.String 79
Address 0x13805b10L 0x0 java.lang.Class - java.io.File 24
Address 0x13805b28L 0x0 java.lang.Class - java.lang.String 33
Address 0x13805b50L 0x0 java.lang.Class - java.io.File 24
Address 0x13805b68L 0x0 java.lang.Class - java.lang.String 78
Address 0x13805bb8L 0x0 java.lang.Class - [Ljava.lang.Object; 52
Address 0x13805bf0L 0x0 java.lang.Class - java.io.File 24
Address 0x13805c08L 0x0 java.lang.Class - java.lang.String 88
Address 0x13805c60L 0x0 java.lang.Class - dalvik.system.DexPathList$Element 21
Address 0x13805c78L 0x0 java.lang.Class - dalvik.system.DexFile 20
Address 0x13805c90L 0x0 java.lang.Class - java.io.File 24
Address 0x13805ca8L 0x0 java.lang.Class - [J 28
Address 0x13805cc8L 0x0 java.lang.Class - java.lang.String 74
Address 0x13805d18L 0x0 java.lang.Class - java.lang.String 19
Address 0x13805d30L 0x0 java.lang.Class - java.lang.String 35
Address 0x13805d58L 0x0 java.lang.Class - java.lang.String 79
Address 0x13805da8L 0x0 java.lang.Class - java.lang.String 70
Address 0x13805df0L 0x0 java.lang.Class - java.lang.String 70
Address 0x13805e38L 0x0 java.lang.Class - java.lang.String 43
Address 0x13805e68L 0x0 java.lang.Class - java.lang.String 25
Address 0x13805e88L 0x0 java.lang.Class - java.util.UUID 24
Address 0x13805ea0L 0x0 java.lang.Class - java.lang.String 35
Address 0x13805ec8L 0x0 java.lang.Class - android.app.ContextImpl$ApplicationContentResolver 32
Address 0x13805ee8L 0x0 java.lang.Class - [Ljava.lang.Object; 288
Address 0x13806008L 0x0 java.lang.Class - java.lang.Object 8
Address 0x13806010L 0x0 java.lang.Class - android.content.res.Resources$Theme 16
Address 0x13806020L 0x0 java.lang.Class - android.content.res.ResourcesImpl$ThemeImpl 32
Address 0x13806040L 0x0 java.lang.Class - android.content.res.Resources$ThemeKey 24
Address 0x13806058L 0x0 java.lang.Class - [Z 16
Address 0x13806068L 0x0 java.lang.Class - [I 28
Address 0x13806088L 0x0 java.lang.Class - android.view.WindowManagerImpl 24
Address 0x138060a0L 0x0 java.lang.Class - java.util.Random 24
Address 0x138060b8L 0x0 java.lang.Class - java.util.concurrent.atomic.AtomicLong 16
Address 0x138060c8L 0x0 java.lang.Class - java.util.WeakHashMap 44
Address 0x138060f8L 0x0 java.lang.Class - android.util.ArrayMap 25
Address 0x13806118L 0x0 java.lang.Class - android.content.res.CompatibilityInfo 24
Address 0x13806130L 0x0 java.lang.Class - android.content.res.Configuration 109
Address 0x138061a0L 0x0 java.lang.Class - android.util.ArrayMap 25
Address 0x138061c0L 0x0 java.lang.Class - java.util.ArrayList 20
Address 0x138061d8L 0x0 java.lang.Class - [Ljava.lang.Object; 52
Address 0x13806210L 0x0 java.lang.Class - java.lang.ref.WeakReference 24
Address 0x13806228L 0x0 java.lang.Class - java.lang.ref.WeakReference 24
Address 0x13806240L 0x0 java.lang.Class - [Ljava.lang.Object; 44
Address 0x13806270L 0x0 java.lang.Class - [I 28
Address 0x13806290L 0x0 java.lang.Class - android.content.res.ResourcesKey 40
Address 0x138062b8L 0x0 java.lang.Class - java.lang.ref.WeakReference 24
Address 0x138062d0L 0x0 java.lang.Class - android.content.res.ResourcesKey 40
Address 0x138062f8L 0x0 java.lang.Class - java.lang.ref.WeakReference 24
Address 0x13806310L 0x0 java.lang.Class - android.content.res.ResourcesKey 40
Address 0x13806338L 0x0 java.lang.Class - java.lang.ref.WeakReference 24
Address 0x13806350L 0x0 java.lang.Class - android.content.res.Configuration 109
Address 0x138063c0L 0x0 java.lang.Class - android.content.res.Configuration 109
Address 0x13806430L 0x0 java.lang.Class - android.content.res.Configuration 109
Address 0x138064a0L 0x0 java.lang.Class - android.graphics.Rect 24
Address 0x138064b8L 0x0 java.lang.Class - android.os.LocaleList 16
Address 0x138064c8L 0x0 java.lang.Class - [Ljava.util.Locale; 16
Address 0x138064d8L 0x0 java.lang.Class - java.lang.String 21
Address 0x138064f0L 0x0 java.lang.Class - android.graphics.Rect 24
Address 0x13806508L 0x0 java.lang.Class - [Ljava.lang.Object; 44
Address 0x13806538L 0x0 java.lang.Class - [I 28
Address 0x13806558L 0x0 java.lang.Class - android.util.Pair 16
Address 0x13806568L 0x0 java.lang.Class - java.lang.ref.WeakReference 24
Address 0x13806580L 0x0 java.lang.Class - android.util.Pair 16
Address 0x13806590L 0x0 java.lang.Class - java.lang.ref.WeakReference 24
Address 0x138065a8L 0x0 java.lang.Class - android.view.DisplayAdjustments 16
Address 0x138065b8L 0x0 java.lang.Class - android.content.res.Configuration 109
Address 0x13806628L 0x0 java.lang.Class - android.view.DisplayAdjustments 16
Address 0x13806638L 0x0 java.lang.Class - android.content.res.Configuration 109
Address 0x138066a8L 0x0 java.lang.Class - android.graphics.Rect 24
Address 0x138066c0L 0x0 java.lang.Class - java.lang.ref.ReferenceQueue 20
Address 0x138066d8L 0x0 java.lang.Class - [Ljava.util.WeakHashMap$Entry; 76
Address 0x13806728L 0x0 java.lang.Class - java.util.WeakHashMap$Entry 36
Address 0x13806750L 0x0 java.lang.Class - android.app.ResourcesManager$ActivityResources 16
Address 0x13806760L 0x0 java.lang.Class - java.util.ArrayList 20
Address 0x13806778L 0x0 java.lang.Class - android.content.res.Configuration 109
Address 0x138067e8L 0x0 java.lang.Class - android.graphics.Rect 24
Address 0x13806800L 0x0 java.lang.Class - [Ljava.lang.Object; 52
Address 0x13806838L 0x0 java.lang.Class - java.lang.ref.WeakReference 24
Address 0x13806850L 0x0 java.lang.Class - java.lang.Object 8
Address 0x13806858L 0x0 java.lang.Class - [Ljava.lang.Object; 44
Address 0x13806888L 0x0 java.lang.Class - [I 28
Address 0x138068a8L 0x0 java.lang.Class - [I 28
Address 0x138068c8L 0x0 java.lang.Class - android.util.SparseArray 21
Address 0x138068e0L 0x0 java.lang.Class - java.util.ArrayList 20
Address 0x138068f8L 0x0 java.lang.Class - android.hardware.display.IDisplayManager$Stub$Proxy 12
Address 0x13806908L 0x0 java.lang.Class - java.lang.Object 8
Address 0x13806910L 0x0 java.lang.Class - android.os.BinderProxy 32
Address 0x13806930L 0x0 java.lang.Class - [I 56
Address 0x13806968L 0x0 java.lang.Class - [Ljava.lang.Object; 56
Address 0x138069a0L 0x0 java.lang.Class - java.lang.String 62
Address 0x138069e0L 0x0 java.lang.Class - android.os.BinderProxy 32
Address 0x13806a00L 0x0 java.lang.Class - android.os.BinderProxy 32
Address 0x13806a20L 0x0 java.lang.Class - android.os.BinderProxy 32
Address 0x13806a40L 0x0 java.lang.Class - android.util.ArraySet 25
Address 0x13806a60L 0x0 java.lang.Class - java.lang.Object 8
Address 0x13806a68L 0x0 java.lang.Class - java.util.ArrayList 20
Address 0x13806a80L 0x0 java.lang.Class - java.util.ArrayList 20
Address 0x13806a98L 0x0 java.lang.Class - java.util.ArrayList 20
Address 0x13806ab0L 0x0 java.lang.Class - [Ljava.util.Locale; 16
Address 0x13806ac0L 0x0 java.lang.Class - java.lang.String 21
Address 0x13806ad8L 0x0 java.lang.Class - android.security.net.config.ManifestConfigSource 36
Address 0x13806b00L 0x0 java.lang.Class - java.lang.Object 8
Address 0x13806b08L 0x0 java.lang.Class - android.app.ContextImpl 116
Address 0x13806b80L 0x0 java.lang.Class - java.lang.Object 8
Address 0x13806b88L 0x0 java.lang.Class - java.io.File 24
Address 0x13806ba0L 0x0 java.lang.Class - android.app.ContextImpl$ApplicationContentResolver 32
Address 0x13806bc0L 0x0 java.lang.Class - [Ljava.lang.Object; 288
Address 0x13806ce0L 0x0 java.lang.Class - java.lang.Object 8
Address 0x13806ce8L 0x0 java.lang.Class - java.util.Random 24
Address 0x13806d00L 0x0 java.lang.Class - java.util.concurrent.atomic.AtomicLong 16
Address 0x13806d10L 0x0 java.lang.Class - [Ljava.lang.Object; 44
Address 0x13806d40L 0x0 java.lang.Class - [I 28
Address 0x13806d60L 0x0 java.lang.Class - android.util.ArrayMap 25
Address 0x13806d80L 0x0 java.lang.Class - [Ljava.lang.Object; 44
Address 0x13806db0L 0x0 java.lang.Class - [I 28
Address 0x13806dd0L 0x0 java.lang.Class - java.io.File 24
Address 0x13806de8L 0x0 java.lang.Class - android.app.SharedPreferencesImpl 81
Address 0x13806e40L 0x0 java.lang.Class - java.io.File 24
Address 0x13806e58L 0x0 java.lang.Class - java.util.WeakHashMap 44
Address 0x13806e88L 0x0 java.lang.Class - java.lang.Object 8
Address 0x13806e90L 0x0 java.lang.Class - java.util.HashMap 40
Address 0x13806eb8L 0x0 java.lang.Class - com.android.internal.util.ExponentiallyBucketedHistogram 12
Address 0x13806ec8L 0x0 java.lang.Class - java.lang.Object 8
Address 0x13806ed0L 0x0 java.lang.Class - [I 76
Address 0x13806f20L 0x0 java.lang.Class - java.util.HashMap$EntrySet 12
Address 0x13806f30L 0x0 java.lang.Class - [Ljava.util.HashMap$Node; 76
Address 0x13806f80L 0x0 java.lang.Class - java.util.HashMap$Node 24
Address 0x13806f98L 0x0 java.lang.Class - java.lang.ref.ReferenceQueue 20
Address 0x13806fb0L 0x0 java.lang.Class - [Ljava.util.WeakHashMap$Entry; 76
Address 0x13807000L 0x0 java.lang.Class - java.lang.Object 8
Address 0x13807008L 0x0 java.lang.Class - java.lang.String 76
Address 0x13807058L 0x0 java.lang.Class - java.lang.String 72
Address 0x138070a0L 0x0 java.lang.Class - java.util.HashMap$Node 24
Address 0x138070b8L 0x0 java.lang.Class - java.util.HashMap$Node 24
Address 0x138070d0L 0x8b1225ac java.lang.Class - android.os.BinderProxy 32
Address 0x138070f0L 0x0 java.lang.Class - android.util.MemoryIntArray 25
Address 0x13807110L 0x0 java.lang.Class - android.provider.-$Lambda$87WmhkvObehVg0OMBzwa_MTVV8g 12
Address 0x13807120L 0x0 java.lang.Class - java.lang.String 24
Address 0x13807138L 0x0 java.lang.Class - java.lang.String 24
Address 0x13807150L 0x0 java.lang.Class - android.app.ActivityThread$1 12
Address 0x13807160L 0x0 java.lang.Class - android.app.-$Lambda$9I5WEMsoBc7l4QrNqZ4wx59yuHU$1 12
Address 0x13807170L 0x0 java.lang.Class - java.util.HashMap$Node 24
Address 0x13807188L 0x0 java.lang.Class - java.util.HashMap$Node 24
Address 0x138071a0L 0x0 java.lang.Class - java.util.HashMap$Node 24
Address 0x138071b8L 0x0 java.lang.Class - java.util.HashMap$Node 24
Address 0x138071d0L 0x0 java.lang.Class - java.util.HashMap$Node 24
Address 0x138071e8L 0x0 java.lang.Class - java.lang.String 28
Address 0x13807208L 0x0 java.lang.Class - java.lang.reflect.Constructor 48
Address 0x13807238L 0x0 java.lang.Class - java.lang.String 25
Address 0x13807258L 0x0 java.lang.Class - java.lang.reflect.Constructor 48
Address 0x13807288L 0x0 java.lang.Class - java.lang.String 24
Address 0x138072a0L 0x0 java.lang.Class - java.lang.reflect.Constructor 48
Address 0x138072d0L 0x0 java.lang.Class - java.lang.String 27
Address 0x138072f0L 0x0 java.lang.Class - java.lang.reflect.Constructor 48
Address 0x13807320L 0x0 java.lang.Class - java.lang.String 24
Address 0x13807338L 0x0 java.lang.Class - java.lang.reflect.Constructor 48
Address 0x13807368L 0x0 java.lang.Class - java.util.HashMap$Node 24
Address 0x13807380L 0x0 java.lang.Class - java.util.HashMap$Node 24
Address 0x13807398L 0x0 java.lang.Class - java.lang.String 23
Address 0x138073b0L 0x0 java.lang.Class - java.util.HashMap$Node 24
Address 0x138073c8L 0x0 java.lang.Class - java.lang.String 22
Address 0x138073e0L 0x0 java.lang.Class - java.lang.String 21
Address 0x138073f8L 0x0 java.lang.Class - android.os.BinderProxy 32
Address 0x13807418L 0x0 java.lang.Class - java.util.HashMap$Node 24
Address 0x13807430L 0x0 java.lang.Class - java.util.HashMap 40
Address 0x13807458L 0x0 java.lang.Class - [Ljava.util.HashMap$Node; 76
Address 0x138074a8L 0x0 java.lang.Class - java.util.HashMap$Node 24
Address 0x138074c0L 0x0 java.lang.Class - java.util.HashMap$Node 24
Address 0x138074d8L 0x0 java.lang.Class - java.util.HashMap$Node 24
Address 0x138074f0L 0x0 java.lang.Class - java.util.HashMap$Node 24
Address 0x13807508L 0x0 java.lang.Class - java.lang.String 43
Address 0x13807538L 0x0 java.lang.Class - java.lang.String 52
Address 0x13807570L 0x0 java.lang.Class - java.lang.String 47
Address 0x138075a0L 0x0 java.lang.Class - java.lang.String 37
Address 0x138075c8L 0x0 java.lang.Class - java.util.HashMap$Node 24
Address 0x138075e0L 0x0 java.lang.Class - java.lang.String 49
Address 0x13807618L 0x0 java.lang.Class - java.lang.String 47
Address 0x13807648L 0x0 java.lang.Class - libcore.util.NativeAllocationRegistry$CleanerThunk 24
Address 0x13807660L 0x0 java.lang.Class - [Lsun.security.jca.ProviderConfig; 40
Address 0x13807688L 0x0 java.lang.Class - sun.security.jca.ProviderList$2 16
Address 0x13807698L 0x0 java.lang.Class - sun.security.jca.ProviderConfig 25
Address 0x138076b8L 0x0 java.lang.Class - android.security.net.config.NetworkSecurityConfigProvider 88
Address 0x13807710L 0x0 java.lang.Class - [Ljava.util.Hashtable$HashtableEntry; 56
Address 0x13807748L 0x0 java.lang.Class - java.util.LinkedHashMap 49
Address 0x13807780L 0x0 java.lang.Class - [Ljava.util.HashMap$Node; 76
Address 0x138077d0L 0x0 java.lang.Class - java.util.LinkedHashMap$LinkedHashMapEntry 32
Address 0x138077f0L 0x0 java.lang.Class - java.util.LinkedHashMap$LinkedHashMapEntry 32
Address 0x13807810L 0x0 java.lang.Class - java.lang.String 70
Address 0x13807858L 0x0 java.lang.Class - java.util.Hashtable$HashtableEntry 24
Address 0x13807870L 0x0 java.lang.Class - java.util.Hashtable$HashtableEntry 24
Address 0x13807888L 0x0 java.lang.Class - java.util.Hashtable$HashtableEntry 24
Address 0x138078a0L 0x0 java.lang.Class - java.util.Hashtable$HashtableEntry 24
Address 0x138078b8L 0x0 java.lang.Class - java.util.Hashtable$HashtableEntry 24
Address 0x138078d0L 0x0 java.lang.Class - java.lang.String 19
Address 0x138078e8L 0x0 java.lang.Class - java.util.Hashtable$HashtableEntry 24
Address 0x13807900L 0x0 java.lang.Class - [Ljava.util.Hashtable$HashtableEntry; 56
Address 0x13807938L 0x0 java.lang.Class - com.android.internal.os.LoggingPrintStream$1 8
Address 0x13807940L 0x0 java.lang.Class - java.lang.StringBuilder 16
Address 0x13807950L 0x0 java.lang.Class - java.util.Formatter 22
Address 0x13807968L 0x0 java.lang.Class - [C 44
Address 0x13807998L 0x0 java.lang.Class - com.android.internal.os.LoggingPrintStream$1 8
Address 0x138079a0L 0x0 java.lang.Class - java.lang.StringBuilder 16
Address 0x138079b0L 0x0 java.lang.Class - java.util.Formatter 22
Address 0x138079c8L 0x0 java.lang.Class - [C 44
Address 0x138079f8L 0x0 java.lang.Class - java.lang.Object 8
Address 0x13807a00L 0x0 java.lang.Class - java.security.AccessControlContext 8
Address 0x13807a08L 0x0 java.lang.Class - java.lang.Object 8
Address 0x13807a10L 0x0 java.lang.Class - java.lang.Object 8
Address 0x13807a18L 0x0 java.lang.Class - java.security.AccessControlContext 8
Address 0x13807a20L 0x0 java.lang.Class - java.lang.Object 8
Address 0x13807a28L 0x0 java.lang.Class - java.lang.String 29
Address 0x13807a48L 0x0 java.lang.Class - java.lang.Object 8
Address 0x13807a50L 0x0 java.lang.Class - java.security.AccessControlContext 8
Address 0x13807a58L 0x0 java.lang.Class - java.lang.Object 8
Address 0x13807a60L 0x0 java.lang.Class - java.lang.String 29
Address 0x13807a80L 0x0 java.lang.Class - java.lang.ThreadLocal$ThreadLocalMap 20
Address 0x13807a98L 0x0 java.lang.Class - [Ljava.lang.ThreadLocal$ThreadLocalMap$Entry; 76
Address 0x13807ae8L 0x0 java.lang.Class - java.lang.ThreadLocal$ThreadLocalMap$Entry 28
Address 0x13807b08L 0x0 java.lang.Class - java.lang.Object 8
Address 0x13807b10L 0x0 java.lang.Class - java.security.AccessControlContext 8
Address 0x13807b18L 0x0 java.lang.Class - java.lang.Object 8
Address 0x13807b20L 0x0 java.lang.Class - java.lang.Object 8
Address 0x13807b28L 0x0 java.lang.Class - java.security.AccessControlContext 8
Address 0x13807b30L 0x0 java.lang.Class - java.lang.Object 8
Address 0x13807b38L 0x0 java.lang.Class - java.lang.Object 8
Address 0x13807b40L 0x0 java.lang.Class - java.security.AccessControlContext 8
Address 0x13807b48L 0x0 java.lang.Class - java.lang.Object 8
Address 0x13807b50L 0x0 java.lang.Class - java.lang.Object 8
Address 0x13807b58L 0x0 java.lang.Class - java.security.AccessControlContext 8
Address 0x13807b60L 0x0 java.lang.Class - java.lang.Object 8
Address 0x13807b68L 0x0 java.lang.Class - java.lang.String 29
Address 0x13807b88L 0x0 java.lang.Class - java.lang.ThreadLocal$ThreadLocalMap 20
Address 0x13807ba0L 0x0 java.lang.Class - [Ljava.lang.ThreadLocal$ThreadLocalMap$Entry; 76
Address 0x13807bf0L 0x0 java.lang.Class - java.lang.ThreadLocal$ThreadLocalMap$Entry 28
Address 0x13807c10L 0x0 java.lang.Class - java.lang.Object 8
Address 0x13807c18L 0x0 java.lang.Class - java.security.AccessControlContext 8
Address 0x13807c20L 0x0 java.lang.Class - java.lang.Object 8
Address 0x13807c28L 0x0 java.lang.Class - java.lang.String 20
Address 0x13807c40L 0x0 java.lang.Class - java.lang.Object 8
Address 0x13807c48L 0x0 java.lang.Class - java.security.AccessControlContext 8
Address 0x13807c50L 0x0 java.lang.Class - java.lang.Object 8
Address 0x13807c58L 0x0 java.lang.Class - java.lang.String 30
Address 0x13807c78L 0x0 java.lang.Class - java.lang.Object 8
Address 0x13807c80L 0x0 java.lang.Class - java.security.AccessControlContext 8
Address 0x13807c88L 0x0 java.lang.Class - java.lang.Object 8
Address 0x13807c90L 0x0 java.lang.Class - java.lang.String 47
Address 0x13807cc0L 0x0 java.lang.Class - [Ljava.lang.Object; 44
Address 0x13807cf0L 0x0 java.lang.Class - [I 68
Address 0x13807d38L 0x0 java.lang.Class - android.util.ArrayMap 25
Address 0x13807d58L 0x0 java.lang.Class - java.util.ArrayList 20
Address 0x13807d70L 0x0 java.lang.Class - android.util.ArrayMap 25
Address 0x13807d90L 0x0 java.lang.Class - android.app.ActivityThread$AppBindData 64
Address 0x13807dd0L 0x0 java.lang.Class - android.content.res.Configuration 109
Address 0x13807e40L 0x0 java.lang.Class - android.content.res.Configuration 109
Address 0x13807eb0L 0x0 java.lang.Class - android.os.Bundle 24
Address 0x13807ec8L 0x0 java.lang.Class - android.app.ActivityThread$GcIdler 12
Address 0x13807ed8L 0x0 java.lang.Class - android.app.Instrumentation 65
Address 0x13807f20L 0x0 java.lang.Class - java.util.ArrayList 20
Address 0x13807f38L 0x0 java.lang.Class - android.util.ArrayMap 25
Address 0x13807f58L 0x0 java.lang.Class - android.util.ArrayMap 25
Address 0x13807f78L 0x0 java.lang.Class - android.content.res.Configuration 109
Address 0x13807fe8L 0x0 java.lang.Class - java.lang.Object 8
Address 0x13807ff0L 0x0 java.lang.Class - android.util.ArrayMap 25
Address 0x13808010L 0x0 java.lang.Class - android.util.ArrayMap 25
Address 0x13808030L 0x0 java.lang.Class - android.app.ActivityThread$Profiler 24
Address 0x13808048L 0x0 java.lang.Class - android.util.ArrayMap 25
Address 0x13808068L 0x0 java.lang.Class - android.util.ArrayMap 25
Address 0x13808088L 0x0 java.lang.Class - java.util.ArrayList 20
Address 0x138080a0L 0x0 java.lang.Class - android.util.ArrayMap 25
Address 0x138080c0L 0x0 java.lang.Class - android.util.ArrayMap 25
Address 0x138080e0L 0x0 java.lang.Class - android.app.ContextImpl 116
Address 0x13808158L 0x0 java.lang.Class - android.app.ContextImpl 116
Address 0x138081d0L 0x0 java.lang.Class - android.app.ContextImpl$ApplicationContentResolver 32
Address 0x138081f0L 0x0 java.lang.Class - android.app.LoadedApk 115
Address 0x13808268L 0x0 java.lang.Class - android.content.res.Resources 36
Address 0x13808290L 0x0 java.lang.Class - [Ljava.lang.Object; 288
Address 0x138083b0L 0x0 java.lang.Class - java.lang.Object 8
Address 0x138083b8L 0x0 java.lang.Class - android.content.res.Resources$Theme 16
Address 0x138083c8L 0x0 java.lang.Class - android.content.res.ResourcesImpl$ThemeImpl 32
Address 0x138083e8L 0x0 java.lang.Class - android.content.res.AssetManager 37
Address 0x13808410L 0x0 java.lang.Class - android.content.res.Resources$ThemeKey 24
Address 0x13808428L 0x0 java.lang.Class - android.content.res.ResourcesImpl 73
Address 0x13808478L 0x0 java.lang.Class - java.lang.Object 8
Address 0x13808480L 0x0 java.lang.Class - android.content.res.ConfigurationBoundResourceCache 20
Address 0x13808498L 0x0 java.lang.Class - [I 28
Address 0x138084b8L 0x0 java.lang.Class - [Ljava.lang.String; 16
Address 0x138084d8L 0x0 java.lang.Class - [Landroid.content.res.XmlBlock; 28
Address 0x138084f8L 0x0 java.lang.Class - android.content.res.DrawableCache 20
Address 0x13808510L 0x0 java.lang.Class - android.content.res.ConfigurationBoundResourceCache 20
Address 0x13808528L 0x0 java.lang.Class - android.content.res.Configuration 109
Address 0x13808598L 0x0 java.lang.Class - android.view.DisplayAdjustments 16
Address 0x138085a8L 0x0 java.lang.Class - android.content.res.DrawableCache 20
Address 0x138085c0L 0x0 java.lang.Class - android.util.DisplayMetrics 64
Address 0x13808600L 0x0 java.lang.Class - android.content.res.ConfigurationBoundResourceCache 20
Address 0x13808618L 0x0 java.lang.Class - android.content.res.Configuration 109
Address 0x13808688L 0x0 java.lang.Class - android.graphics.Rect 24
Address 0x138086a0L 0x0 java.lang.Class - android.content.res.Configuration 109
Address 0x13808710L 0x0 java.lang.Class - android.graphics.Rect 24
Address 0x13808728L 0x0 java.lang.Class - [Z 16
Address 0x13808738L 0x0 java.lang.Class - [I 28
Address 0x13808758L 0x0 java.lang.Class - [J 28
Address 0x13808778L 0x0 java.lang.Class - [Landroid.content.res.StringBlock; 16
Address 0x13808788L 0x0 java.lang.Class - android.util.TypedValue 36
Address 0x138087b0L 0x0 java.lang.Class - java.util.ArrayList 20
Address 0x138087c8L 0x0 java.lang.Class - android.util.TypedValue 36
Address 0x138087f0L 0x0 java.lang.Class - java.lang.Object 8
Address 0x138087f8L 0x0 java.lang.Class - android.util.Pools$SynchronizedPool 20
Address 0x13808810L 0x0 java.lang.Class - [Ljava.lang.Object; 32
Address 0x13808830L 0x0 java.lang.Class - java.lang.Object 8
Address 0x13808838L 0x0 java.lang.Class - [Ljava.lang.Object; 52
Address 0x13808870L 0x0 java.lang.Class - java.lang.ref.WeakReference 24
Address 0x13808888L 0x0 java.lang.Class - android.content.pm.ApplicationInfo 234
Address 0x13808978L 0x0 java.lang.Class - android.view.DisplayAdjustments 16
Address 0x13808988L 0x0 java.lang.Class - android.util.ArrayMap 25
Address 0x138089a8L 0x0 java.lang.Class - android.util.ArrayMap 25
Address 0x138089c8L 0x0 java.lang.Class - android.util.ArrayMap 25
Address 0x138089e8L 0x0 java.lang.Class - android.util.ArrayMap 25
Address 0x13808a08L 0x0 java.lang.Class - java.util.Random 24
Address 0x13808a20L 0x0 java.lang.Class - java.util.concurrent.atomic.AtomicLong 16
Address 0x13808a30L 0x0 java.lang.Class - android.app.ContextImpl$ApplicationContentResolver 32
Address 0x13808a50L 0x0 java.lang.Class - [Ljava.lang.Object; 288
Address 0x13808b70L 0x0 java.lang.Class - java.lang.Object 8
Address 0x13808b78L 0x0 java.lang.Class - android.content.res.Resources$Theme 16
Address 0x13808b88L 0x0 java.lang.Class - android.content.res.ResourcesImpl$ThemeImpl 32
Address 0x13808ba8L 0x0 java.lang.Class - android.content.res.Resources$ThemeKey 24
Address 0x13808bc0L 0x0 java.lang.Class - [Z 16
Address 0x13808bd0L 0x0 java.lang.Class - [I 28
Address 0x13808bf0L 0x0 java.lang.Class - java.util.Random 24
Address 0x13808c08L 0x0 java.lang.Class - java.util.concurrent.atomic.AtomicLong 16
Address 0x13808c18L 0x0 java.lang.Class - [Ljava.lang.Object; 44
Address 0x13808c48L 0x0 java.lang.Class - [I 28
Address 0x13808c68L 0x0 java.lang.Class - android.app.ActivityThread$ProviderRefCount 25
Address 0x13808c88L 0x0 java.lang.Class - android.app.ActivityThread$ProviderClientRecord 28
Address 0x13808ca8L 0x0 java.lang.Class - android.app.ContentProviderHolder 21
Address 0x13808cc0L 0x0 java.lang.Class - android.os.BinderProxy 32
Address 0x13808ce0L 0x0 java.lang.Class - android.content.pm.ProviderInfo 95
Address 0x13808d40L 0x0 java.lang.Class - java.lang.String 63
Address 0x13808d80L 0x0 java.lang.Class - java.lang.String 46
Address 0x13808db0L 0x0 java.lang.Class - android.content.pm.ApplicationInfo 234
Address 0x13808ea0L 0x0 java.lang.Class - java.lang.String 22
Address 0x13808eb8L 0x0 java.lang.Class - java.lang.String 24
Address 0x13808ed0L 0x0 java.lang.Class - java.lang.String 66
Address 0x13808f18L 0x0 java.lang.Class - java.lang.String 59
Address 0x13808f58L 0x0 java.lang.Class - java.lang.String 62
Address 0x13808f98L 0x0 java.lang.Class - java.lang.String 62
Address 0x13808fd8L 0x0 java.lang.Class - java.lang.String 57
Address 0x13809018L 0x0 java.lang.Class - java.lang.String 53
Address 0x13809050L 0x0 java.lang.Class - java.lang.String 22
Address 0x13809068L 0x0 java.lang.Class - java.lang.String 70
Address 0x138090b0L 0x0 java.lang.Class - java.lang.String 49
Address 0x138090e8L 0x0 java.lang.Class - java.lang.String 49
Address 0x13809120L 0x0 java.lang.Class - java.lang.String 52
Address 0x13809158L 0x0 java.lang.Class - java.lang.String 25
Address 0x13809178L 0x0 java.lang.Class - java.lang.String 70
Address 0x138091c0L 0x0 java.lang.Class - java.util.UUID 24
Address 0x138091d8L 0x0 java.lang.Class - java.lang.String 46
Address 0x13809208L 0x0 java.lang.Class - java.lang.String 46
Address 0x13809238L 0x0 java.lang.Class - [Ljava.lang.String; 13
Address 0x13809248L 0x0 java.lang.Class - [Ljava.lang.Object; 44
Address 0x13809278L 0x0 java.lang.Class - [I 28
Address 0x13809298L 0x0 java.lang.Class - android.app.ActivityThread$ProviderKey 16
Address 0x138092a8L 0x0 java.lang.Class - [Ljava.lang.Object; 44
Address 0x138092d8L 0x0 java.lang.Class - [I 28
Address 0x138092f8L 0x0 java.lang.Class - java.lang.ref.WeakReference 24
Address 0x13809310L 0x0 java.lang.Class - android.os.Bundle 24
Address 0x13809328L 0x0 java.lang.Class - java.lang.Object 8
Address 0x13809330L 0x0 java.lang.Class - android.util.ArrayMap 25
Address 0x13809350L 0x0 java.lang.Class - android.util.ArrayMap 25
Address 0x13809370L 0x0 java.lang.Class - [Ljava.lang.Object; 28
Address 0x13809390L 0x0 java.lang.Class - [I 20
Address 0x138093a8L 0x0 java.lang.Class - java.lang.String 34
Address 0x138093d0L 0x0 java.lang.Class - java.lang.Integer 12
Address 0x138093e0L 0x0 java.lang.Class - java.lang.String 35
Address 0x13809408L 0x0 java.lang.Class - java.lang.Integer 12
Address 0x13809418L 0x0 java.lang.Class - android.graphics.Rect 24
Address 0x13809430L 0x0 java.lang.Class - android.graphics.Rect 24
Address 0x13809448L 0x0 java.lang.Class - android.content.res.Configuration 109
Address 0x138094b8L 0x0 java.lang.Class - java.util.ArrayList 20
Address 0x138094d0L 0x0 java.lang.Class - android.graphics.Rect 24
Address 0x138094e8L 0x0 java.lang.Class - [Ljava.lang.Object; 52
Address 0x13809520L 0x0 java.lang.Class - java.lang.String 33
Address 0x13809548L 0x0 java.lang.Class - java.util.ArrayList 20
Address 0x13809560L 0x0 java.lang.Class - [Landroid.os.MessageQueue$IdleHandler; 28
Address 0x13809580L 0x0 java.lang.Class - [Ljava.lang.Object; 52
Address 0x138095b8L 0x0 java.lang.Class - java.io.FileOutputStream 35
Address 0x138095e0L 0x856334d6 java.lang.Class - android.content.res.AssetManager$AssetInputStream 40
Address 0x13809608L 0x80c1f0f1 java.lang.Class - android.content.res.AssetManager$AssetInputStream 40
Address 0x13809630L 0x0 java.lang.Class - android.content.res.XmlBlock$Parser 34
Address 0x13809658L 0x0 java.lang.Class - android.content.res.StringBlock 32
Address 0x13809678L 0x8d51f098 java.lang.Class - android.content.res.XmlBlock 29
Address 0x13809698L 0x0 java.lang.Class - android.graphics.Path 25
Address 0x138096b8L 0x0 java.lang.Class - android.content.res.XmlBlock$Parser 34
Address 0x138096e0L 0x0 java.lang.Class - android.content.res.StringBlock 32
Address 0x13809700L 0x837f1a7b java.lang.Class - android.content.res.XmlBlock 29
Address 0x13809720L 0x0 java.lang.Class - android.graphics.Path 25
Address 0x13809740L 0x0 java.lang.Class - android.content.res.XmlBlock$Parser 34
Address 0x13809768L 0x0 java.lang.Class - android.content.res.StringBlock 32
Address 0x13809788L 0x87cf020a java.lang.Class - android.content.res.XmlBlock 29
Address 0x138097a8L 0x0 java.lang.Class - android.graphics.Path 25
Address 0x138097c8L 0x0 java.lang.Class - android.content.res.XmlBlock$Parser 34
Address 0x138097f0L 0x0 java.lang.Class - android.content.res.StringBlock 32
Address 0x13809810L 0x8d3ca275 java.lang.Class - android.content.res.XmlBlock 29
Address 0x13809830L 0x0 java.lang.Class - android.content.res.ResourcesImpl$ThemeImpl 32
Address 0x13809850L 0x0 java.lang.Class - android.content.res.ResourcesImpl$ThemeImpl 32
Address 0x13809870L 0x0 java.lang.Class - android.content.res.ResourcesImpl$ThemeImpl 32
Address 0x13809890L 0x0 java.lang.Class - android.os.ParcelFileDescriptor 33
Address 0x138098b8L 0x0 java.lang.Class - android.os.StrictMode$InstanceTracker 12
Address 0x138098c8L 0x0 java.lang.Class - android.content.res.StringBlock 32
Address 0x138098e8L 0x0 java.lang.Class - android.content.res.StringBlock 32
Address 0x13809908L 0x0 java.lang.Class - android.content.res.AssetManager 37
Address 0x13809930L 0x0 java.lang.Class - android.os.BinderProxy 32
Address 0x13809950L 0x8310a3fe java.lang.Class - android.os.BinderProxy 32
Address 0x13809970L 0x0 java.lang.Class - com.android.internal.os.BinderInternal$GcWatcher 8
Address 0x13809978L 0x0 java.lang.Class - android.net.LocalSocketImpl 37
Address 0x138099a0L 0x0 java.lang.Class - android.net.LocalSocketImpl$SocketInputStream 12
Address 0x138099b0L 0x0 java.lang.Class - android.net.LocalSocketImpl$SocketOutputStream 12
Address 0x138099c0L 0x0 java.lang.Class - java.lang.Object 8
Address 0x138099c8L 0x0 java.lang.Class - java.lang.Object 8
Address 0x138099d0L 0x0 java.lang.Class - [J 28
Address 0x138099f0L 0x0 java.lang.Class - [Landroid.content.res.StringBlock; 20
Address 0x13809a08L 0x0 java.lang.Class - android.util.TypedValue 36
Address 0x13809a30L 0x0 java.lang.Class - android.util.SparseArray 21
Address 0x13809a48L 0x0 java.lang.Class - [I 56
Address 0x13809a80L 0x0 java.lang.Class - [Ljava.lang.Object; 56
Address 0x13809ab8L 0x0 java.lang.Class - java.lang.String 49
Address 0x13809af0L 0x0 java.lang.Class - java.lang.String 64
Address 0x13809b30L 0x0 java.lang.Class - java.lang.String 55
Address 0x13809b68L 0x0 java.lang.Class - java.lang.String 55
Address 0x13809ba0L 0x0 java.lang.Class - java.lang.String 44
Address 0x13809bd0L 0x0 java.lang.Class - android.util.SparseArray 21
Address 0x13809be8L 0x0 java.lang.Class - [I 56
Address 0x13809c20L 0x0 java.lang.Class - [Ljava.lang.Object; 56
Address 0x13809c58L 0x0 java.lang.Class - java.lang.String 41
Address 0x13809c88L 0x0 java.lang.Class - java.lang.String 47
Address 0x13809cb8L 0x0 java.lang.Class - java.lang.String 51
Address 0x13809cf0L 0x0 java.lang.Class - java.lang.String 65
Address 0x13809d38L 0x0 java.lang.Class - java.io.FileDescriptor 12
Address 0x13809d48L 0x0 java.lang.Class - android.content.res.Resources$ThemeKey 24
Address 0x13809d60L 0x0 java.lang.Class - android.content.res.ResourcesImpl 73
Address 0x13809db0L 0x0 java.lang.Class - java.lang.Object 8
Address 0x13809db8L 0x0 java.lang.Class - android.content.res.ConfigurationBoundResourceCache 20
Address 0x13809dd0L 0x0 java.lang.Class - [I 28
Address 0x13809df0L 0x0 java.lang.Class - [Ljava.lang.String; 16
Address 0x13809e10L 0x0 java.lang.Class - [Landroid.content.res.XmlBlock; 28
Address 0x13809e30L 0x0 java.lang.Class - android.content.res.DrawableCache 20
Address 0x13809e48L 0x0 java.lang.Class - android.content.res.ConfigurationBoundResourceCache 20
Address 0x13809e60L 0x0 java.lang.Class - android.content.res.Configuration 109
Address 0x13809ed0L 0x0 java.lang.Class - android.view.DisplayAdjustments 16
Address 0x13809ee0L 0x0 java.lang.Class - android.content.res.DrawableCache 20
Address 0x13809ef8L 0x0 java.lang.Class - android.util.DisplayMetrics 64
Address 0x13809f38L 0x0 java.lang.Class - android.content.res.ConfigurationBoundResourceCache 20
Address 0x13809f50L 0x0 java.lang.Class - android.content.res.Configuration 109
Address 0x13809fc0L 0x0 java.lang.Class - android.graphics.Rect 24
Address 0x13809fd8L 0x0 java.lang.Class - android.util.LongSparseArray 21
Address 0x13809ff0L 0x0 java.lang.Class - [J 76
Address 0x1380a040L 0x0 java.lang.Class - [Ljava.lang.Object; 48
Address 0x1380a070L 0x0 java.lang.Class - java.lang.ref.WeakReference 24
Address 0x1380a088L 0x0 java.lang.Class - java.lang.ref.WeakReference 24
Address 0x1380a0a0L 0x0 java.lang.Class - java.lang.ref.WeakReference 24
Address 0x1380a0b8L 0x0 java.lang.Class - android.content.res.Configuration 109
Address 0x1380a128L 0x0 java.lang.Class - android.graphics.Rect 24
Address 0x1380a140L 0x0 java.lang.Class - android.graphics.Rect 24
Address 0x1380a158L 0x0 java.lang.Class - android.util.ArrayMap 25
Address 0x1380a178L 0x0 java.lang.Class - [Ljava.lang.Object; 20
Address 0x1380a190L 0x0 java.lang.Class - [I 16
Address 0x1380a1a0L 0x0 java.lang.Class - android.content.res.Resources$ThemeKey 24
Address 0x1380a1b8L 0x0 java.lang.Class - android.util.LongSparseArray 21
Address 0x1380a1d0L 0x0 java.lang.Class - [J 20
Address 0x1380a1e8L 0x0 java.lang.Class - [Ljava.lang.Object; 16
Address 0x1380a1f8L 0x0 java.lang.Class - java.lang.ref.WeakReference 24
Address 0x1380a210L 0x0 java.lang.Class - [Z 16
Address 0x1380a220L 0x0 java.lang.Class - [I 28
Address 0x1380a240L 0x0 java.lang.Class - android.util.LongSparseArray 21
Address 0x1380a258L 0x0 java.lang.Class - [J 20
Address 0x1380a270L 0x0 java.lang.Class - [Ljava.lang.Object; 16
Address 0x1380a280L 0x0 java.lang.Class - java.lang.ref.WeakReference 24
Address 0x1380a298L 0x0 java.lang.Class - android.content.res.Resources$ThemeKey 24
Address 0x1380a2b0L 0x0 java.lang.Class - [Z 16
Address 0x1380a2c0L 0x0 java.lang.Class - [I 28
Address 0x1380a2e0L 0x0 java.lang.Class - android.content.res.Resources$ThemeKey 24
Address 0x1380a2f8L 0x0 java.lang.Class - [Z 16
Address 0x1380a308L 0x0 java.lang.Class - [I 28
Address 0x1380a328L 0x0 java.lang.Class - [Ljava.lang.CharSequence; 40
Address 0x1380a350L 0x0 java.lang.Class - java.lang.String 32
Address 0x1380a370L 0x0 java.lang.Class - [Ljava.lang.CharSequence; 40
Address 0x1380a398L 0x0 java.lang.Class - java.lang.String 32
Address 0x1380a3b8L 0x0 java.lang.Class - [Ljava.lang.CharSequence; 76
Address 0x1380a408L 0x0 java.lang.Class - [Ljava.lang.CharSequence; 76
981
